<?xml version="1.0" encoding="UTF-8"?>
<!-- Generated by org.testng.reporters.JUnitXMLReporter -->
<testsuite ignored="0" hostname="LAPTOP-EVN0A8MU" failures="0" tests="5" name="Default test(failed)" time="227.848" errors="0" timestamp="2022-10-24T17:18:17 IST">
  <testcase classname="com.ChaiPort.qa.testcases.CheckOutPageTest" name="check" time="14.787"/>
  <testcase classname="com.ChaiPort.qa.testcases.CheckOutPageTest" name="VerificationCOD" time="11.84"/>
  <testcase classname="com.ChaiPort.qa.testcases.CheckOutPageTest" name="VerificationCreditCard" time="31.592"/>
  <testcase classname="com.ChaiPort.qa.testcases.CheckOutPageTest" name="VerificationBNPL" time="18.794"/>
  <testcase classname="com.ChaiPort.qa.testcases.CheckOutPageTest" name="VerificationWallets" time="29.683"/>
</testsuite> <!-- Default test(failed) -->
