<?xml version="1.0" encoding="UTF-8"?>
<!-- Generated by org.testng.reporters.JUnitXMLReporter -->
<testsuite ignored="0" hostname="LAPTOP-EVN0A8MU" failures="0" tests="5" name="Default test" time="232.63" errors="0" timestamp="2022-10-24T16:46:16 IST">
  <testcase classname="com.ChaiPort.qa.testcases.CheckOutPageTest" name="check" time="14.396"/>
  <testcase classname="com.ChaiPort.qa.testcases.CheckOutPageTest" name="VerificationCOD" time="11.107"/>
  <testcase classname="com.ChaiPort.qa.testcases.CheckOutPageTest" name="VerificationBNPL" time="18.109"/>
  <testcase classname="com.ChaiPort.qa.testcases.CheckOutPageTest" name="VerificationCreditCard" time="28.316"/>
  <testcase classname="com.ChaiPort.qa.testcases.CheckOutPageTest" name="VerificationWallets" time="31.918"/>
</testsuite> <!-- Default test -->
