<?xml version="1.0" encoding="UTF-8"?>
<testng-results ignored="0" total="5" passed="5" failed="0" skipped="0">
  <reporter-output>
  </reporter-output>
  <suite started-at="2022-10-24T17:14:29 IST" name="Failed suite [Default suite]" finished-at="2022-10-24T17:18:17 IST" duration-ms="227848">
    <groups>
    </groups>
    <test started-at="2022-10-24T17:14:29 IST" name="Default test(failed)" finished-at="2022-10-24T17:18:17 IST" duration-ms="227848">
      <class name="com.ChaiPort.qa.testcases.CheckOutPageTest">
        <test-method is-config="true" signature="SetUp()[pri:0, instance:com.ChaiPort.qa.testcases.CheckOutPageTest@783a467b]" started-at="2022-10-24T17:14:29 IST" name="SetUp" finished-at="2022-10-24T17:14:57 IST" duration-ms="27595" status="PASS">
          <reporter-output>
          </reporter-output>
        </test-method> <!-- SetUp -->
        <test-method signature="check()[pri:1, instance:com.ChaiPort.qa.testcases.CheckOutPageTest@783a467b]" started-at="2022-10-24T17:14:57 IST" name="check" finished-at="2022-10-24T17:15:11 IST" duration-ms="14787" status="PASS">
          <reporter-output>
          </reporter-output>
        </test-method> <!-- check -->
        <test-method is-config="true" signature="tearDown()[pri:0, instance:com.ChaiPort.qa.testcases.CheckOutPageTest@783a467b]" started-at="2022-10-24T17:15:11 IST" name="tearDown" finished-at="2022-10-24T17:15:11 IST" duration-ms="0" status="PASS">
          <reporter-output>
          </reporter-output>
        </test-method> <!-- tearDown -->
        <test-method is-config="true" signature="SetUp()[pri:0, instance:com.ChaiPort.qa.testcases.CheckOutPageTest@783a467b]" started-at="2022-10-24T17:15:11 IST" name="SetUp" finished-at="2022-10-24T17:15:34 IST" duration-ms="22744" status="PASS">
          <reporter-output>
          </reporter-output>
        </test-method> <!-- SetUp -->
        <test-method signature="VerificationCOD()[pri:2, instance:com.ChaiPort.qa.testcases.CheckOutPageTest@783a467b]" started-at="2022-10-24T17:15:34 IST" name="VerificationCOD" finished-at="2022-10-24T17:15:46 IST" duration-ms="11840" status="PASS">
          <reporter-output>
          </reporter-output>
        </test-method> <!-- VerificationCOD -->
        <test-method is-config="true" signature="tearDown()[pri:0, instance:com.ChaiPort.qa.testcases.CheckOutPageTest@783a467b]" started-at="2022-10-24T17:15:46 IST" name="tearDown" finished-at="2022-10-24T17:15:46 IST" duration-ms="3" status="PASS">
          <reporter-output>
          </reporter-output>
        </test-method> <!-- tearDown -->
        <test-method is-config="true" signature="SetUp()[pri:0, instance:com.ChaiPort.qa.testcases.CheckOutPageTest@783a467b]" started-at="2022-10-24T17:15:46 IST" name="SetUp" finished-at="2022-10-24T17:16:09 IST" duration-ms="22751" status="PASS">
          <reporter-output>
          </reporter-output>
        </test-method> <!-- SetUp -->
        <test-method signature="VerificationCreditCard()[pri:3, instance:com.ChaiPort.qa.testcases.CheckOutPageTest@783a467b]" started-at="2022-10-24T17:16:09 IST" name="VerificationCreditCard" finished-at="2022-10-24T17:16:40 IST" duration-ms="31592" status="PASS">
          <reporter-output>
          </reporter-output>
        </test-method> <!-- VerificationCreditCard -->
        <test-method is-config="true" signature="tearDown()[pri:0, instance:com.ChaiPort.qa.testcases.CheckOutPageTest@783a467b]" started-at="2022-10-24T17:16:40 IST" name="tearDown" finished-at="2022-10-24T17:16:40 IST" duration-ms="1" status="PASS">
          <reporter-output>
          </reporter-output>
        </test-method> <!-- tearDown -->
        <test-method is-config="true" signature="SetUp()[pri:0, instance:com.ChaiPort.qa.testcases.CheckOutPageTest@783a467b]" started-at="2022-10-24T17:16:40 IST" name="SetUp" finished-at="2022-10-24T17:17:04 IST" duration-ms="23627" status="PASS">
          <reporter-output>
          </reporter-output>
        </test-method> <!-- SetUp -->
        <test-method signature="VerificationBNPL()[pri:4, instance:com.ChaiPort.qa.testcases.CheckOutPageTest@783a467b]" started-at="2022-10-24T17:17:04 IST" name="VerificationBNPL" finished-at="2022-10-24T17:17:23 IST" duration-ms="18794" status="PASS">
          <reporter-output>
          </reporter-output>
        </test-method> <!-- VerificationBNPL -->
        <test-method is-config="true" signature="tearDown()[pri:0, instance:com.ChaiPort.qa.testcases.CheckOutPageTest@783a467b]" started-at="2022-10-24T17:17:23 IST" name="tearDown" finished-at="2022-10-24T17:17:23 IST" duration-ms="0" status="PASS">
          <reporter-output>
          </reporter-output>
        </test-method> <!-- tearDown -->
        <test-method is-config="true" signature="SetUp()[pri:0, instance:com.ChaiPort.qa.testcases.CheckOutPageTest@783a467b]" started-at="2022-10-24T17:17:23 IST" name="SetUp" finished-at="2022-10-24T17:17:47 IST" duration-ms="24313" status="PASS">
          <reporter-output>
          </reporter-output>
        </test-method> <!-- SetUp -->
        <test-method signature="VerificationWallets()[pri:5, instance:com.ChaiPort.qa.testcases.CheckOutPageTest@783a467b]" started-at="2022-10-24T17:17:47 IST" name="VerificationWallets" finished-at="2022-10-24T17:18:17 IST" duration-ms="29683" status="PASS">
          <reporter-output>
          </reporter-output>
        </test-method> <!-- VerificationWallets -->
        <test-method is-config="true" signature="tearDown()[pri:0, instance:com.ChaiPort.qa.testcases.CheckOutPageTest@783a467b]" started-at="2022-10-24T17:18:17 IST" name="tearDown" finished-at="2022-10-24T17:18:17 IST" duration-ms="0" status="PASS">
          <reporter-output>
          </reporter-output>
        </test-method> <!-- tearDown -->
      </class> <!-- com.ChaiPort.qa.testcases.CheckOutPageTest -->
    </test> <!-- Default test(failed) -->
  </suite> <!-- Failed suite [Default suite] -->
</testng-results>
